[debug] [2024-01-02T20:05:57.486Z] ----------------------------------------------------------------------
[debug] [2024-01-02T20:05:57.489Z] Command:       C:\Program Files\nodejs\node.exe C:\Users\user1\AppData\Roaming\npm\node_modules\firebase-tools\lib\bin\firebase.js init
[debug] [2024-01-02T20:05:57.490Z] CLI Version:   12.4.2
[debug] [2024-01-02T20:05:57.490Z] Platform:      win32
[debug] [2024-01-02T20:05:57.491Z] Node Version:  v18.16.1
[debug] [2024-01-02T20:05:57.492Z] Time:          Tue Jan 02 2024 15:05:57 GMT-0500 (Eastern Standard Time)
[debug] [2024-01-02T20:05:57.492Z] ----------------------------------------------------------------------
[debug] 
[debug] [2024-01-02T20:05:57.499Z] >>> [apiv2][query] GET https://firebase-public.firebaseio.com/cli.json [none]
[debug] [2024-01-02T20:05:57.564Z] > command requires scopes: ["email","openid","https://www.googleapis.com/auth/cloudplatformprojects.readonly","https://www.googleapis.com/auth/firebase","https://www.googleapis.com/auth/cloud-platform"]
[debug] [2024-01-02T20:05:57.565Z] > authorizing via signed-in user (wsright987@gmail.com)
[info] 
     ######## #### ########  ######## ########     ###     ######  ########
     ##        ##  ##     ## ##       ##     ##  ##   ##  ##       ##
     ######    ##  ########  ######   ########  #########  ######  ######
     ##        ##  ##    ##  ##       ##     ## ##     ##       ## ##
     ##       #### ##     ## ######## ########  ##     ##  ######  ########

You're about to initialize a Firebase project in this directory:

  C:\Users\user1\Documents\GitHub\HeroMatchups

[debug] [2024-01-02T20:05:57.772Z] <<< [apiv2][status] GET https://firebase-public.firebaseio.com/cli.json 200
[debug] [2024-01-02T20:05:57.772Z] <<< [apiv2][body] GET https://firebase-public.firebaseio.com/cli.json {"cloudBuildErrorAfter":1594252800000,"cloudBuildWarnAfter":1590019200000,"defaultNode10After":1594252800000,"minVersion":"3.0.5","node8DeploysDisabledAfter":1613390400000,"node8RuntimeDisabledAfter":1615809600000,"node8WarnAfter":1600128000000}
